2021-03-12 00:00:18.100  WARN 14324 --- [restartedMain] o.m.s.mapper.ClassPathMapperScanner      : No MyBatis mapper was found in '[com.example.demo.mapper.UserMapper]' package. Please check your configuration.
2021-03-12 00:00:18.629  WARN 14324 --- [restartedMain] o.m.s.mapper.ClassPathMapperScanner      : Skipping MapperFactoryBean with name 'administratorMapper' and 'com.example.demo.mapper.AdministratorMapper' mapperInterface. Bean already defined with the same name!
2021-03-12 00:00:18.631  WARN 14324 --- [restartedMain] o.m.s.mapper.ClassPathMapperScanner      : Skipping MapperFactoryBean with name 'organizationMapper' and 'com.example.demo.mapper.OrganizationMapper' mapperInterface. Bean already defined with the same name!
2021-03-12 00:00:18.632  WARN 14324 --- [restartedMain] o.m.s.mapper.ClassPathMapperScanner      : Skipping MapperFactoryBean with name 'userMapper' and 'com.example.demo.mapper.UserMapper' mapperInterface. Bean already defined with the same name!
2021-03-12 00:00:18.632  WARN 14324 --- [restartedMain] o.m.s.mapper.ClassPathMapperScanner      : No MyBatis mapper was found in '[com.example.demo]' package. Please check your configuration.
2021-03-12 00:01:34.121  WARN 14324 --- [http-nio-8080-exec-5] o.s.web.servlet.PageNotFound             : No mapping found for HTTP request with URI [/images/logo.png] in DispatcherServlet with name 'dispatcherServlet'
2021-03-12 00:01:34.135  WARN 14324 --- [http-nio-8080-exec-7] o.s.web.servlet.PageNotFound             : No mapping found for HTTP request with URI [/js/x-admin.js] in DispatcherServlet with name 'dispatcherServlet'
2021-03-12 00:01:34.123  WARN 14324 --- [http-nio-8080-exec-6] o.s.web.servlet.PageNotFound             : No mapping found for HTTP request with URI [/lib/layui/layui.js] in DispatcherServlet with name 'dispatcherServlet'
2021-03-12 00:01:34.143  WARN 14324 --- [http-nio-8080-exec-8] o.s.web.servlet.PageNotFound             : No mapping found for HTTP request with URI [/welcome.html] in DispatcherServlet with name 'dispatcherServlet'
2021-03-12 00:01:34.205  WARN 14324 --- [http-nio-8080-exec-10] o.s.web.servlet.PageNotFound             : No mapping found for HTTP request with URI [/assets/js/jquery.dropotron.min.js] in DispatcherServlet with name 'dispatcherServlet'
2021-03-12 00:01:34.207  WARN 14324 --- [http-nio-8080-exec-1] o.s.web.servlet.PageNotFound             : No mapping found for HTTP request with URI [/assets/js/jquery.min.js] in DispatcherServlet with name 'dispatcherServlet'
2021-03-12 00:01:34.215  WARN 14324 --- [http-nio-8080-exec-10] o.s.web.servlet.PageNotFound             : No mapping found for HTTP request with URI [/assets/js/browser.min.js] in DispatcherServlet with name 'dispatcherServlet'
2021-03-12 00:01:34.217  WARN 14324 --- [http-nio-8080-exec-2] o.s.web.servlet.PageNotFound             : No mapping found for HTTP request with URI [/assets/js/breakpoints.min.js] in DispatcherServlet with name 'dispatcherServlet'
2021-03-12 00:01:34.232  WARN 14324 --- [http-nio-8080-exec-3] o.s.web.servlet.PageNotFound             : No mapping found for HTTP request with URI [/assets/js/util.js] in DispatcherServlet with name 'dispatcherServlet'
2021-03-12 00:01:34.233  WARN 14324 --- [http-nio-8080-exec-5] o.s.web.servlet.PageNotFound             : No mapping found for HTTP request with URI [/assets/js/main.js] in DispatcherServlet with name 'dispatcherServlet'
2021-03-12 00:01:34.308  WARN 14324 --- [http-nio-8080-exec-6] o.s.web.servlet.PageNotFound             : No mapping found for HTTP request with URI [/js/x-admin.js] in DispatcherServlet with name 'dispatcherServlet'
2021-03-12 00:01:34.383  WARN 14324 --- [http-nio-8080-exec-9] o.s.web.servlet.PageNotFound             : No mapping found for HTTP request with URI [/assets/js/jquery.min.js] in DispatcherServlet with name 'dispatcherServlet'
2021-03-12 00:01:34.425  WARN 14324 --- [http-nio-8080-exec-4] o.s.web.servlet.PageNotFound             : No mapping found for HTTP request with URI [/assets/js/jquery.dropotron.min.js] in DispatcherServlet with name 'dispatcherServlet'
2021-03-12 00:01:34.472  WARN 14324 --- [http-nio-8080-exec-1] o.s.web.servlet.PageNotFound             : No mapping found for HTTP request with URI [/assets/js/browser.min.js] in DispatcherServlet with name 'dispatcherServlet'
2021-03-12 00:01:34.478  WARN 14324 --- [http-nio-8080-exec-10] o.s.web.servlet.PageNotFound             : No mapping found for HTTP request with URI [/assets/js/breakpoints.min.js] in DispatcherServlet with name 'dispatcherServlet'
2021-03-12 00:01:34.485  WARN 14324 --- [http-nio-8080-exec-2] o.s.web.servlet.PageNotFound             : No mapping found for HTTP request with URI [/assets/js/util.js] in DispatcherServlet with name 'dispatcherServlet'
2021-03-12 00:01:34.501  WARN 14324 --- [http-nio-8080-exec-3] o.s.web.servlet.PageNotFound             : No mapping found for HTTP request with URI [/assets/js/main.js] in DispatcherServlet with name 'dispatcherServlet'
2021-03-12 00:01:48.239  WARN 14324 --- [http-nio-8080-exec-5] o.s.web.servlet.PageNotFound             : No mapping found for HTTP request with URI [/readercomunity.html] in DispatcherServlet with name 'dispatcherServlet'
2021-03-12 00:01:48.280  WARN 14324 --- [http-nio-8080-exec-7] o.s.web.servlet.PageNotFound             : No mapping found for HTTP request with URI [/assets/js/jquery.min.js] in DispatcherServlet with name 'dispatcherServlet'
2021-03-12 00:01:48.287  WARN 14324 --- [http-nio-8080-exec-9] o.s.web.servlet.PageNotFound             : No mapping found for HTTP request with URI [/assets/js/breakpoints.min.js] in DispatcherServlet with name 'dispatcherServlet'
2021-03-12 00:01:48.286  WARN 14324 --- [http-nio-8080-exec-8] o.s.web.servlet.PageNotFound             : No mapping found for HTTP request with URI [/assets/js/browser.min.js] in DispatcherServlet with name 'dispatcherServlet'
2021-03-12 00:01:48.290  WARN 14324 --- [http-nio-8080-exec-4] o.s.web.servlet.PageNotFound             : No mapping found for HTTP request with URI [/assets/js/util.js] in DispatcherServlet with name 'dispatcherServlet'
2021-03-12 00:01:48.286  WARN 14324 --- [http-nio-8080-exec-7] o.s.web.servlet.PageNotFound             : No mapping found for HTTP request with URI [/assets/js/jquery.dropotron.min.js] in DispatcherServlet with name 'dispatcherServlet'
2021-03-12 00:01:48.292  WARN 14324 --- [http-nio-8080-exec-1] o.s.web.servlet.PageNotFound             : No mapping found for HTTP request with URI [/assets/js/main.js] in DispatcherServlet with name 'dispatcherServlet'
2021-03-12 00:01:48.309  WARN 14324 --- [http-nio-8080-exec-10] o.s.web.servlet.PageNotFound             : No mapping found for HTTP request with URI [/assets/js/browser.min.js] in DispatcherServlet with name 'dispatcherServlet'
2021-03-12 00:01:48.317  WARN 14324 --- [http-nio-8080-exec-2] o.s.web.servlet.PageNotFound             : No mapping found for HTTP request with URI [/assets/js/breakpoints.min.js] in DispatcherServlet with name 'dispatcherServlet'
2021-03-12 00:01:48.332  WARN 14324 --- [http-nio-8080-exec-3] o.s.web.servlet.PageNotFound             : No mapping found for HTTP request with URI [/assets/js/util.js] in DispatcherServlet with name 'dispatcherServlet'
2021-03-12 00:01:48.340  WARN 14324 --- [http-nio-8080-exec-5] o.s.web.servlet.PageNotFound             : No mapping found for HTTP request with URI [/assets/js/main.js] in DispatcherServlet with name 'dispatcherServlet'
2021-03-12 00:01:48.916  WARN 14324 --- [http-nio-8080-exec-6] o.s.web.servlet.PageNotFound             : No mapping found for HTTP request with URI [/readercomunity.html] in DispatcherServlet with name 'dispatcherServlet'
2021-03-12 00:01:48.942  WARN 14324 --- [http-nio-8080-exec-9] o.s.web.servlet.PageNotFound             : No mapping found for HTTP request with URI [/assets/js/jquery.min.js] in DispatcherServlet with name 'dispatcherServlet'
2021-03-12 00:01:48.944  WARN 14324 --- [http-nio-8080-exec-8] o.s.web.servlet.PageNotFound             : No mapping found for HTTP request with URI [/assets/js/jquery.dropotron.min.js] in DispatcherServlet with name 'dispatcherServlet'
2021-03-12 00:01:48.947  WARN 14324 --- [http-nio-8080-exec-9] o.s.web.servlet.PageNotFound             : No mapping found for HTTP request with URI [/assets/js/browser.min.js] in DispatcherServlet with name 'dispatcherServlet'
2021-03-12 00:01:48.951  WARN 14324 --- [http-nio-8080-exec-1] o.s.web.servlet.PageNotFound             : No mapping found for HTTP request with URI [/assets/js/breakpoints.min.js] in DispatcherServlet with name 'dispatcherServlet'
2021-03-12 00:01:48.956  WARN 14324 --- [http-nio-8080-exec-7] o.s.web.servlet.PageNotFound             : No mapping found for HTTP request with URI [/assets/js/util.js] in DispatcherServlet with name 'dispatcherServlet'
2021-03-12 00:01:48.957  WARN 14324 --- [http-nio-8080-exec-10] o.s.web.servlet.PageNotFound             : No mapping found for HTTP request with URI [/assets/js/main.js] in DispatcherServlet with name 'dispatcherServlet'
2021-03-12 00:01:49.436  WARN 14324 --- [http-nio-8080-exec-2] o.s.web.servlet.PageNotFound             : No mapping found for HTTP request with URI [/uploadbook.html] in DispatcherServlet with name 'dispatcherServlet'
2021-03-12 00:01:49.469  WARN 14324 --- [http-nio-8080-exec-3] o.s.web.servlet.PageNotFound             : No mapping found for HTTP request with URI [/assets/js/jquery.min.js] in DispatcherServlet with name 'dispatcherServlet'
2021-03-12 00:01:49.471  WARN 14324 --- [http-nio-8080-exec-5] o.s.web.servlet.PageNotFound             : No mapping found for HTTP request with URI [/assets/js/jquery.dropotron.min.js] in DispatcherServlet with name 'dispatcherServlet'
2021-03-12 00:01:49.474  WARN 14324 --- [http-nio-8080-exec-6] o.s.web.servlet.PageNotFound             : No mapping found for HTTP request with URI [/assets/js/browser.min.js] in DispatcherServlet with name 'dispatcherServlet'
2021-03-12 00:01:49.480  WARN 14324 --- [http-nio-8080-exec-8] o.s.web.servlet.PageNotFound             : No mapping found for HTTP request with URI [/assets/js/breakpoints.min.js] in DispatcherServlet with name 'dispatcherServlet'
2021-03-12 00:01:49.481  WARN 14324 --- [http-nio-8080-exec-4] o.s.web.servlet.PageNotFound             : No mapping found for HTTP request with URI [/assets/js/util.js] in DispatcherServlet with name 'dispatcherServlet'
2021-03-12 00:01:49.481  WARN 14324 --- [http-nio-8080-exec-9] o.s.web.servlet.PageNotFound             : No mapping found for HTTP request with URI [/assets/js/main.js] in DispatcherServlet with name 'dispatcherServlet'
2021-03-12 00:01:49.503  WARN 14324 --- [http-nio-8080-exec-1] o.s.web.servlet.PageNotFound             : No mapping found for HTTP request with URI [/assets/js/util.js] in DispatcherServlet with name 'dispatcherServlet'
2021-03-12 00:01:49.511  WARN 14324 --- [http-nio-8080-exec-10] o.s.web.servlet.PageNotFound             : No mapping found for HTTP request with URI [/assets/js/main.js] in DispatcherServlet with name 'dispatcherServlet'
2021-03-12 00:01:50.093  WARN 14324 --- [http-nio-8080-exec-7] o.s.web.servlet.PageNotFound             : No mapping found for HTTP request with URI [/borrowbook.html] in DispatcherServlet with name 'dispatcherServlet'
2021-03-12 00:01:50.128  WARN 14324 --- [http-nio-8080-exec-2] o.s.web.servlet.PageNotFound             : No mapping found for HTTP request with URI [/assets/js/jquery.min.js] in DispatcherServlet with name 'dispatcherServlet'
2021-03-12 00:01:50.129  WARN 14324 --- [http-nio-8080-exec-3] o.s.web.servlet.PageNotFound             : No mapping found for HTTP request with URI [/assets/js/jquery.dropotron.min.js] in DispatcherServlet with name 'dispatcherServlet'
2021-03-12 00:01:50.129  WARN 14324 --- [http-nio-8080-exec-5] o.s.web.servlet.PageNotFound             : No mapping found for HTTP request with URI [/assets/js/browser.min.js] in DispatcherServlet with name 'dispatcherServlet'
2021-03-12 00:01:50.135  WARN 14324 --- [http-nio-8080-exec-4] o.s.web.servlet.PageNotFound             : No mapping found for HTTP request with URI [/assets/js/util.js] in DispatcherServlet with name 'dispatcherServlet'
2021-03-12 00:01:50.135  WARN 14324 --- [http-nio-8080-exec-6] o.s.web.servlet.PageNotFound             : No mapping found for HTTP request with URI [/assets/js/breakpoints.min.js] in DispatcherServlet with name 'dispatcherServlet'
2021-03-12 00:01:50.141  WARN 14324 --- [http-nio-8080-exec-9] o.s.web.servlet.PageNotFound             : No mapping found for HTTP request with URI [/assets/js/main.js] in DispatcherServlet with name 'dispatcherServlet'
2021-03-12 00:01:50.167  WARN 14324 --- [http-nio-8080-exec-8] o.s.web.servlet.PageNotFound             : No mapping found for HTTP request with URI [/assets/js/util.js] in DispatcherServlet with name 'dispatcherServlet'
2021-03-12 00:01:50.176  WARN 14324 --- [http-nio-8080-exec-1] o.s.web.servlet.PageNotFound             : No mapping found for HTTP request with URI [/assets/js/main.js] in DispatcherServlet with name 'dispatcherServlet'
2021-03-12 00:01:50.628  WARN 14324 --- [http-nio-8080-exec-10] o.s.web.servlet.PageNotFound             : No mapping found for HTTP request with URI [/homepage.html] in DispatcherServlet with name 'dispatcherServlet'
2021-03-12 00:01:50.656  WARN 14324 --- [http-nio-8080-exec-7] o.s.web.servlet.PageNotFound             : No mapping found for HTTP request with URI [/assets/js/jquery.min.js] in DispatcherServlet with name 'dispatcherServlet'
2021-03-12 00:01:50.659  WARN 14324 --- [http-nio-8080-exec-2] o.s.web.servlet.PageNotFound             : No mapping found for HTTP request with URI [/assets/js/jquery.dropotron.min.js] in DispatcherServlet with name 'dispatcherServlet'
2021-03-12 00:01:50.664  WARN 14324 --- [http-nio-8080-exec-5] o.s.web.servlet.PageNotFound             : No mapping found for HTTP request with URI [/assets/js/main.js] in DispatcherServlet with name 'dispatcherServlet'
2021-03-12 00:01:50.664  WARN 14324 --- [http-nio-8080-exec-7] o.s.web.servlet.PageNotFound             : No mapping found for HTTP request with URI [/assets/js/breakpoints.min.js] in DispatcherServlet with name 'dispatcherServlet'
2021-03-12 00:01:50.668  WARN 14324 --- [http-nio-8080-exec-2] o.s.web.servlet.PageNotFound             : No mapping found for HTTP request with URI [/assets/js/util.js] in DispatcherServlet with name 'dispatcherServlet'
2021-03-12 00:01:50.666  WARN 14324 --- [http-nio-8080-exec-3] o.s.web.servlet.PageNotFound             : No mapping found for HTTP request with URI [/assets/js/browser.min.js] in DispatcherServlet with name 'dispatcherServlet'
2021-03-12 00:01:50.687  WARN 14324 --- [http-nio-8080-exec-9] o.s.web.servlet.PageNotFound             : No mapping found for HTTP request with URI [/assets/js/jquery.min.js] in DispatcherServlet with name 'dispatcherServlet'
2021-03-12 00:01:50.695  WARN 14324 --- [http-nio-8080-exec-8] o.s.web.servlet.PageNotFound             : No mapping found for HTTP request with URI [/assets/js/jquery.dropotron.min.js] in DispatcherServlet with name 'dispatcherServlet'
2021-03-12 00:01:50.703  WARN 14324 --- [http-nio-8080-exec-1] o.s.web.servlet.PageNotFound             : No mapping found for HTTP request with URI [/assets/js/browser.min.js] in DispatcherServlet with name 'dispatcherServlet'
2021-03-12 00:01:50.710  WARN 14324 --- [http-nio-8080-exec-10] o.s.web.servlet.PageNotFound             : No mapping found for HTTP request with URI [/assets/js/breakpoints.min.js] in DispatcherServlet with name 'dispatcherServlet'
2021-03-12 00:01:50.718  WARN 14324 --- [http-nio-8080-exec-5] o.s.web.servlet.PageNotFound             : No mapping found for HTTP request with URI [/assets/js/util.js] in DispatcherServlet with name 'dispatcherServlet'
2021-03-12 00:01:50.724  WARN 14324 --- [http-nio-8080-exec-4] o.s.web.servlet.PageNotFound             : No mapping found for HTTP request with URI [/assets/js/main.js] in DispatcherServlet with name 'dispatcherServlet'
2021-03-12 00:04:20.817  WARN 8824 --- [restartedMain] o.m.s.mapper.ClassPathMapperScanner      : No MyBatis mapper was found in '[com.example.demo.mapper.UserMapper]' package. Please check your configuration.
2021-03-12 00:04:21.215  WARN 8824 --- [restartedMain] o.m.s.mapper.ClassPathMapperScanner      : Skipping MapperFactoryBean with name 'administratorMapper' and 'com.example.demo.mapper.AdministratorMapper' mapperInterface. Bean already defined with the same name!
2021-03-12 00:04:21.215  WARN 8824 --- [restartedMain] o.m.s.mapper.ClassPathMapperScanner      : Skipping MapperFactoryBean with name 'organizationMapper' and 'com.example.demo.mapper.OrganizationMapper' mapperInterface. Bean already defined with the same name!
2021-03-12 00:04:21.215  WARN 8824 --- [restartedMain] o.m.s.mapper.ClassPathMapperScanner      : Skipping MapperFactoryBean with name 'userMapper' and 'com.example.demo.mapper.UserMapper' mapperInterface. Bean already defined with the same name!
2021-03-12 00:04:21.216  WARN 8824 --- [restartedMain] o.m.s.mapper.ClassPathMapperScanner      : No MyBatis mapper was found in '[com.example.demo]' package. Please check your configuration.
2021-03-12 00:05:03.002  WARN 8824 --- [http-nio-8080-exec-4] o.s.web.servlet.PageNotFound             : No mapping found for HTTP request with URI [/lib/layui/layui.js] in DispatcherServlet with name 'dispatcherServlet'
2021-03-12 00:05:03.027  WARN 8824 --- [http-nio-8080-exec-6] o.s.web.servlet.PageNotFound             : No mapping found for HTTP request with URI [/js/x-admin.js] in DispatcherServlet with name 'dispatcherServlet'
2021-03-12 00:05:03.046  WARN 8824 --- [http-nio-8080-exec-8] o.s.web.servlet.PageNotFound             : No mapping found for HTTP request with URI [/welcome.html] in DispatcherServlet with name 'dispatcherServlet'
2021-03-12 00:05:03.027  WARN 8824 --- [http-nio-8080-exec-7] o.s.web.servlet.PageNotFound             : No mapping found for HTTP request with URI [/images/logo.png] in DispatcherServlet with name 'dispatcherServlet'
2021-03-12 00:05:03.210  WARN 8824 --- [http-nio-8080-exec-9] o.s.web.servlet.PageNotFound             : No mapping found for HTTP request with URI [/js/x-admin.js] in DispatcherServlet with name 'dispatcherServlet'
2021-03-12 00:05:03.212  WARN 8824 --- [http-nio-8080-exec-10] o.s.web.servlet.PageNotFound             : No mapping found for HTTP request with URI [/assets/js/jquery.min.js] in DispatcherServlet with name 'dispatcherServlet'
2021-03-12 00:05:03.220  WARN 8824 --- [http-nio-8080-exec-1] o.s.web.servlet.PageNotFound             : No mapping found for HTTP request with URI [/assets/js/browser.min.js] in DispatcherServlet with name 'dispatcherServlet'
2021-03-12 00:05:03.221  WARN 8824 --- [http-nio-8080-exec-9] o.s.web.servlet.PageNotFound             : No mapping found for HTTP request with URI [/assets/js/jquery.dropotron.min.js] in DispatcherServlet with name 'dispatcherServlet'
2021-03-12 00:05:03.229  WARN 8824 --- [http-nio-8080-exec-4] o.s.web.servlet.PageNotFound             : No mapping found for HTTP request with URI [/assets/js/util.js] in DispatcherServlet with name 'dispatcherServlet'
2021-03-12 00:05:03.229  WARN 8824 --- [http-nio-8080-exec-3] o.s.web.servlet.PageNotFound             : No mapping found for HTTP request with URI [/assets/js/breakpoints.min.js] in DispatcherServlet with name 'dispatcherServlet'
2021-03-12 00:05:03.243  WARN 8824 --- [http-nio-8080-exec-6] o.s.web.servlet.PageNotFound             : No mapping found for HTTP request with URI [/assets/js/main.js] in DispatcherServlet with name 'dispatcherServlet'
2021-03-12 00:05:13.995  WARN 8824 --- [http-nio-8080-exec-8] o.s.web.servlet.PageNotFound             : No mapping found for HTTP request with URI [/images/logo.png] in DispatcherServlet with name 'dispatcherServlet'
2021-03-12 00:05:13.998  WARN 8824 --- [http-nio-8080-exec-7] o.s.web.servlet.PageNotFound             : No mapping found for HTTP request with URI [/lib/layui/layui.js] in DispatcherServlet with name 'dispatcherServlet'
2021-03-12 00:05:13.996  WARN 8824 --- [http-nio-8080-exec-2] o.s.web.servlet.PageNotFound             : No mapping found for HTTP request with URI [/js/x-admin.js] in DispatcherServlet with name 'dispatcherServlet'
2021-03-12 00:05:14.013  WARN 8824 --- [http-nio-8080-exec-10] o.s.web.servlet.PageNotFound             : No mapping found for HTTP request with URI [/welcome.html] in DispatcherServlet with name 'dispatcherServlet'
2021-03-12 00:05:14.079  WARN 8824 --- [http-nio-8080-exec-9] o.s.web.servlet.PageNotFound             : No mapping found for HTTP request with URI [/assets/js/jquery.min.js] in DispatcherServlet with name 'dispatcherServlet'
2021-03-12 00:05:14.085  WARN 8824 --- [http-nio-8080-exec-1] o.s.web.servlet.PageNotFound             : No mapping found for HTTP request with URI [/assets/js/jquery.dropotron.min.js] in DispatcherServlet with name 'dispatcherServlet'
2021-03-12 00:05:14.092  WARN 8824 --- [http-nio-8080-exec-3] o.s.web.servlet.PageNotFound             : No mapping found for HTTP request with URI [/assets/js/browser.min.js] in DispatcherServlet with name 'dispatcherServlet'
2021-03-12 00:05:14.102  WARN 8824 --- [http-nio-8080-exec-6] o.s.web.servlet.PageNotFound             : No mapping found for HTTP request with URI [/assets/js/util.js] in DispatcherServlet with name 'dispatcherServlet'
2021-03-12 00:05:14.102  WARN 8824 --- [http-nio-8080-exec-4] o.s.web.servlet.PageNotFound             : No mapping found for HTTP request with URI [/assets/js/breakpoints.min.js] in DispatcherServlet with name 'dispatcherServlet'
2021-03-12 00:05:14.107  WARN 8824 --- [http-nio-8080-exec-5] o.s.web.servlet.PageNotFound             : No mapping found for HTTP request with URI [/assets/js/main.js] in DispatcherServlet with name 'dispatcherServlet'
2021-03-12 00:10:19.125  WARN 12896 --- [restartedMain] o.m.s.mapper.ClassPathMapperScanner      : No MyBatis mapper was found in '[com.example.demo.mapper.UserMapper]' package. Please check your configuration.
2021-03-12 00:10:19.655  WARN 12896 --- [restartedMain] o.m.s.mapper.ClassPathMapperScanner      : Skipping MapperFactoryBean with name 'administratorMapper' and 'com.example.demo.mapper.AdministratorMapper' mapperInterface. Bean already defined with the same name!
2021-03-12 00:10:19.656  WARN 12896 --- [restartedMain] o.m.s.mapper.ClassPathMapperScanner      : Skipping MapperFactoryBean with name 'organizationMapper' and 'com.example.demo.mapper.OrganizationMapper' mapperInterface. Bean already defined with the same name!
2021-03-12 00:10:19.659  WARN 12896 --- [restartedMain] o.m.s.mapper.ClassPathMapperScanner      : Skipping MapperFactoryBean with name 'userMapper' and 'com.example.demo.mapper.UserMapper' mapperInterface. Bean already defined with the same name!
2021-03-12 00:10:19.660  WARN 12896 --- [restartedMain] o.m.s.mapper.ClassPathMapperScanner      : No MyBatis mapper was found in '[com.example.demo]' package. Please check your configuration.
2021-03-12 00:10:57.456  WARN 12896 --- [http-nio-8080-exec-7] o.s.web.servlet.PageNotFound             : No mapping found for HTTP request with URI [/js/x-admin.js] in DispatcherServlet with name 'dispatcherServlet'
2021-03-12 00:10:57.461  WARN 12896 --- [http-nio-8080-exec-5] o.s.web.servlet.PageNotFound             : No mapping found for HTTP request with URI [/images/logo.png] in DispatcherServlet with name 'dispatcherServlet'
2021-03-12 00:10:57.459  WARN 12896 --- [http-nio-8080-exec-6] o.s.web.servlet.PageNotFound             : No mapping found for HTTP request with URI [/lib/layui/layui.js] in DispatcherServlet with name 'dispatcherServlet'
2021-03-12 00:10:57.477  WARN 12896 --- [http-nio-8080-exec-8] o.s.web.servlet.PageNotFound             : No mapping found for HTTP request with URI [/welcome.html] in DispatcherServlet with name 'dispatcherServlet'
2021-03-12 00:10:57.510  WARN 12896 --- [http-nio-8080-exec-9] o.s.web.servlet.PageNotFound             : No mapping found for HTTP request with URI [/js/x-admin.js] in DispatcherServlet with name 'dispatcherServlet'
2021-03-12 00:10:57.666  WARN 12896 --- [http-nio-8080-exec-10] o.s.web.servlet.PageNotFound             : No mapping found for HTTP request with URI [/assets/js/jquery.min.js] in DispatcherServlet with name 'dispatcherServlet'
2021-03-12 00:10:57.669  WARN 12896 --- [http-nio-8080-exec-1] o.s.web.servlet.PageNotFound             : No mapping found for HTTP request with URI [/assets/js/jquery.dropotron.min.js] in DispatcherServlet with name 'dispatcherServlet'
2021-03-12 00:10:57.677  WARN 12896 --- [http-nio-8080-exec-2] o.s.web.servlet.PageNotFound             : No mapping found for HTTP request with URI [/assets/js/browser.min.js] in DispatcherServlet with name 'dispatcherServlet'
2021-03-12 00:10:57.677  WARN 12896 --- [http-nio-8080-exec-4] o.s.web.servlet.PageNotFound             : No mapping found for HTTP request with URI [/assets/js/util.js] in DispatcherServlet with name 'dispatcherServlet'
2021-03-12 00:10:57.684  WARN 12896 --- [http-nio-8080-exec-3] o.s.web.servlet.PageNotFound             : No mapping found for HTTP request with URI [/assets/js/breakpoints.min.js] in DispatcherServlet with name 'dispatcherServlet'
2021-03-12 00:10:57.685  WARN 12896 --- [http-nio-8080-exec-2] o.s.web.servlet.PageNotFound             : No mapping found for HTTP request with URI [/assets/js/main.js] in DispatcherServlet with name 'dispatcherServlet'
2021-03-12 00:10:57.727  WARN 12896 --- [http-nio-8080-exec-7] o.s.web.servlet.PageNotFound             : No mapping found for HTTP request with URI [/assets/js/util.js] in DispatcherServlet with name 'dispatcherServlet'
2021-03-12 00:10:57.746  WARN 12896 --- [http-nio-8080-exec-5] o.s.web.servlet.PageNotFound             : No mapping found for HTTP request with URI [/assets/js/main.js] in DispatcherServlet with name 'dispatcherServlet'
2021-03-12 00:11:09.277  WARN 12896 --- [http-nio-8080-exec-10] o.s.web.servlet.PageNotFound             : No mapping found for HTTP request with URI [/images/logo.png] in DispatcherServlet with name 'dispatcherServlet'
2021-03-12 00:11:09.292  WARN 12896 --- [http-nio-8080-exec-6] o.s.web.servlet.PageNotFound             : No mapping found for HTTP request with URI [/js/x-admin.js] in DispatcherServlet with name 'dispatcherServlet'
2021-03-12 00:11:09.299  WARN 12896 --- [http-nio-8080-exec-4] o.s.web.servlet.PageNotFound             : No mapping found for HTTP request with URI [/welcome.html] in DispatcherServlet with name 'dispatcherServlet'
2021-03-12 00:11:09.287  WARN 12896 --- [http-nio-8080-exec-9] o.s.web.servlet.PageNotFound             : No mapping found for HTTP request with URI [/lib/layui/layui.js] in DispatcherServlet with name 'dispatcherServlet'
2021-03-12 00:11:09.356  WARN 12896 --- [http-nio-8080-exec-1] o.s.web.servlet.PageNotFound             : No mapping found for HTTP request with URI [/js/x-admin.js] in DispatcherServlet with name 'dispatcherServlet'
2021-03-12 00:11:09.391  WARN 12896 --- [http-nio-8080-exec-3] o.s.web.servlet.PageNotFound             : No mapping found for HTTP request with URI [/assets/js/jquery.min.js] in DispatcherServlet with name 'dispatcherServlet'
2021-03-12 00:11:09.393  WARN 12896 --- [http-nio-8080-exec-2] o.s.web.servlet.PageNotFound             : No mapping found for HTTP request with URI [/assets/js/jquery.dropotron.min.js] in DispatcherServlet with name 'dispatcherServlet'
2021-03-12 00:11:09.401  WARN 12896 --- [http-nio-8080-exec-7] o.s.web.servlet.PageNotFound             : No mapping found for HTTP request with URI [/assets/js/browser.min.js] in DispatcherServlet with name 'dispatcherServlet'
2021-03-12 00:11:09.420  WARN 12896 --- [http-nio-8080-exec-5] o.s.web.servlet.PageNotFound             : No mapping found for HTTP request with URI [/assets/js/breakpoints.min.js] in DispatcherServlet with name 'dispatcherServlet'
2021-03-12 00:11:09.422  WARN 12896 --- [http-nio-8080-exec-8] o.s.web.servlet.PageNotFound             : No mapping found for HTTP request with URI [/assets/js/util.js] in DispatcherServlet with name 'dispatcherServlet'
2021-03-12 00:11:09.425  WARN 12896 --- [http-nio-8080-exec-10] o.s.web.servlet.PageNotFound             : No mapping found for HTTP request with URI [/assets/js/main.js] in DispatcherServlet with name 'dispatcherServlet'
2021-03-12 00:11:09.559  WARN 12896 --- [http-nio-8080-exec-6] o.s.web.servlet.PageNotFound             : No mapping found for HTTP request with URI [/assets/js/jquery.min.js] in DispatcherServlet with name 'dispatcherServlet'
2021-03-12 00:11:09.617  WARN 12896 --- [http-nio-8080-exec-9] o.s.web.servlet.PageNotFound             : No mapping found for HTTP request with URI [/assets/js/jquery.dropotron.min.js] in DispatcherServlet with name 'dispatcherServlet'
2021-03-12 00:11:09.630  WARN 12896 --- [http-nio-8080-exec-4] o.s.web.servlet.PageNotFound             : No mapping found for HTTP request with URI [/assets/js/browser.min.js] in DispatcherServlet with name 'dispatcherServlet'
2021-03-12 00:11:09.644  WARN 12896 --- [http-nio-8080-exec-1] o.s.web.servlet.PageNotFound             : No mapping found for HTTP request with URI [/assets/js/breakpoints.min.js] in DispatcherServlet with name 'dispatcherServlet'
2021-03-12 00:11:09.657  WARN 12896 --- [http-nio-8080-exec-3] o.s.web.servlet.PageNotFound             : No mapping found for HTTP request with URI [/assets/js/util.js] in DispatcherServlet with name 'dispatcherServlet'
2021-03-12 00:11:09.666  WARN 12896 --- [http-nio-8080-exec-7] o.s.web.servlet.PageNotFound             : No mapping found for HTTP request with URI [/assets/js/main.js] in DispatcherServlet with name 'dispatcherServlet'
2021-03-12 00:12:50.288  WARN 14828 --- [restartedMain] o.m.s.mapper.ClassPathMapperScanner      : No MyBatis mapper was found in '[com.example.demo.mapper.UserMapper]' package. Please check your configuration.
2021-03-12 00:12:50.733  WARN 14828 --- [restartedMain] o.m.s.mapper.ClassPathMapperScanner      : Skipping MapperFactoryBean with name 'administratorMapper' and 'com.example.demo.mapper.AdministratorMapper' mapperInterface. Bean already defined with the same name!
2021-03-12 00:12:50.734  WARN 14828 --- [restartedMain] o.m.s.mapper.ClassPathMapperScanner      : Skipping MapperFactoryBean with name 'organizationMapper' and 'com.example.demo.mapper.OrganizationMapper' mapperInterface. Bean already defined with the same name!
2021-03-12 00:12:50.735  WARN 14828 --- [restartedMain] o.m.s.mapper.ClassPathMapperScanner      : Skipping MapperFactoryBean with name 'userMapper' and 'com.example.demo.mapper.UserMapper' mapperInterface. Bean already defined with the same name!
2021-03-12 00:12:50.736  WARN 14828 --- [restartedMain] o.m.s.mapper.ClassPathMapperScanner      : No MyBatis mapper was found in '[com.example.demo]' package. Please check your configuration.
2021-03-12 00:13:03.655  WARN 14828 --- [http-nio-8080-exec-3] o.s.web.servlet.PageNotFound             : No mapping found for HTTP request with URI [/images/logo.png] in DispatcherServlet with name 'dispatcherServlet'
2021-03-12 00:13:03.667  WARN 14828 --- [http-nio-8080-exec-4] o.s.web.servlet.PageNotFound             : No mapping found for HTTP request with URI [/lib/layui/layui.js] in DispatcherServlet with name 'dispatcherServlet'
2021-03-12 00:13:03.675  WARN 14828 --- [http-nio-8080-exec-6] o.s.web.servlet.PageNotFound             : No mapping found for HTTP request with URI [/welcome.html] in DispatcherServlet with name 'dispatcherServlet'
2021-03-12 00:13:03.669  WARN 14828 --- [http-nio-8080-exec-5] o.s.web.servlet.PageNotFound             : No mapping found for HTTP request with URI [/js/x-admin.js] in DispatcherServlet with name 'dispatcherServlet'
2021-03-12 00:13:03.778  WARN 14828 --- [http-nio-8080-exec-7] o.s.web.servlet.PageNotFound             : No mapping found for HTTP request with URI [/assets/js/jquery.min.js] in DispatcherServlet with name 'dispatcherServlet'
2021-03-12 00:13:03.779  WARN 14828 --- [http-nio-8080-exec-8] o.s.web.servlet.PageNotFound             : No mapping found for HTTP request with URI [/assets/js/jquery.dropotron.min.js] in DispatcherServlet with name 'dispatcherServlet'
2021-03-12 00:13:03.789  WARN 14828 --- [http-nio-8080-exec-9] o.s.web.servlet.PageNotFound             : No mapping found for HTTP request with URI [/assets/js/browser.min.js] in DispatcherServlet with name 'dispatcherServlet'
2021-03-12 00:13:03.842  WARN 14828 --- [http-nio-8080-exec-10] o.s.web.servlet.PageNotFound             : No mapping found for HTTP request with URI [/assets/js/breakpoints.min.js] in DispatcherServlet with name 'dispatcherServlet'
2021-03-12 00:13:03.847  WARN 14828 --- [http-nio-8080-exec-2] o.s.web.servlet.PageNotFound             : No mapping found for HTTP request with URI [/assets/js/main.js] in DispatcherServlet with name 'dispatcherServlet'
2021-03-12 00:13:03.842  WARN 14828 --- [http-nio-8080-exec-1] o.s.web.servlet.PageNotFound             : No mapping found for HTTP request with URI [/assets/js/util.js] in DispatcherServlet with name 'dispatcherServlet'
2021-03-12 00:13:03.862  WARN 14828 --- [http-nio-8080-exec-6] o.s.web.servlet.PageNotFound             : No mapping found for HTTP request with URI [/js/x-admin.js] in DispatcherServlet with name 'dispatcherServlet'
2021-03-12 00:14:14.125  WARN 4588 --- [restartedMain] o.m.s.mapper.ClassPathMapperScanner      : No MyBatis mapper was found in '[com.example.demo.mapper.UserMapper]' package. Please check your configuration.
2021-03-12 00:14:14.624  WARN 4588 --- [restartedMain] o.m.s.mapper.ClassPathMapperScanner      : Skipping MapperFactoryBean with name 'administratorMapper' and 'com.example.demo.mapper.AdministratorMapper' mapperInterface. Bean already defined with the same name!
2021-03-12 00:14:14.624  WARN 4588 --- [restartedMain] o.m.s.mapper.ClassPathMapperScanner      : Skipping MapperFactoryBean with name 'organizationMapper' and 'com.example.demo.mapper.OrganizationMapper' mapperInterface. Bean already defined with the same name!
2021-03-12 00:14:14.624  WARN 4588 --- [restartedMain] o.m.s.mapper.ClassPathMapperScanner      : Skipping MapperFactoryBean with name 'userMapper' and 'com.example.demo.mapper.UserMapper' mapperInterface. Bean already defined with the same name!
2021-03-12 00:14:14.625  WARN 4588 --- [restartedMain] o.m.s.mapper.ClassPathMapperScanner      : No MyBatis mapper was found in '[com.example.demo]' package. Please check your configuration.
2021-03-12 00:14:28.351  WARN 4588 --- [http-nio-8080-exec-4] o.s.web.servlet.PageNotFound             : No mapping found for HTTP request with URI [/lib/layui/layui.js] in DispatcherServlet with name 'dispatcherServlet'
2021-03-12 00:14:28.355  WARN 4588 --- [http-nio-8080-exec-5] o.s.web.servlet.PageNotFound             : No mapping found for HTTP request with URI [/js/x-admin.js] in DispatcherServlet with name 'dispatcherServlet'
2021-03-12 00:14:32.716  WARN 4588 --- [http-nio-8080-exec-7] o.s.web.servlet.PageNotFound             : No mapping found for HTTP request with URI [/images/logo.png] in DispatcherServlet with name 'dispatcherServlet'
2021-03-12 00:14:32.735  WARN 4588 --- [http-nio-8080-exec-9] o.s.web.servlet.PageNotFound             : No mapping found for HTTP request with URI [/js/x-admin.js] in DispatcherServlet with name 'dispatcherServlet'
2021-03-12 00:14:32.737  WARN 4588 --- [http-nio-8080-exec-8] o.s.web.servlet.PageNotFound             : No mapping found for HTTP request with URI [/lib/layui/layui.js] in DispatcherServlet with name 'dispatcherServlet'
2021-03-12 00:14:32.746  WARN 4588 --- [http-nio-8080-exec-10] o.s.web.servlet.PageNotFound             : No mapping found for HTTP request with URI [/welcome.html] in DispatcherServlet with name 'dispatcherServlet'
2021-03-12 00:14:32.806  WARN 4588 --- [http-nio-8080-exec-1] o.s.web.servlet.PageNotFound             : No mapping found for HTTP request with URI [/js/x-admin.js] in DispatcherServlet with name 'dispatcherServlet'
2021-03-12 00:14:32.852  WARN 4588 --- [http-nio-8080-exec-2] o.s.web.servlet.PageNotFound             : No mapping found for HTTP request with URI [/assets/js/jquery.min.js] in DispatcherServlet with name 'dispatcherServlet'
2021-03-12 00:14:32.857  WARN 4588 --- [http-nio-8080-exec-3] o.s.web.servlet.PageNotFound             : No mapping found for HTTP request with URI [/assets/js/jquery.dropotron.min.js] in DispatcherServlet with name 'dispatcherServlet'
2021-03-12 00:14:32.872  WARN 4588 --- [http-nio-8080-exec-4] o.s.web.servlet.PageNotFound             : No mapping found for HTTP request with URI [/assets/js/browser.min.js] in DispatcherServlet with name 'dispatcherServlet'
2021-03-12 00:14:32.874  WARN 4588 --- [http-nio-8080-exec-5] o.s.web.servlet.PageNotFound             : No mapping found for HTTP request with URI [/assets/js/breakpoints.min.js] in DispatcherServlet with name 'dispatcherServlet'
2021-03-12 00:14:32.876  WARN 4588 --- [http-nio-8080-exec-6] o.s.web.servlet.PageNotFound             : No mapping found for HTTP request with URI [/assets/js/util.js] in DispatcherServlet with name 'dispatcherServlet'
2021-03-12 00:14:32.890  WARN 4588 --- [http-nio-8080-exec-7] o.s.web.servlet.PageNotFound             : No mapping found for HTTP request with URI [/assets/js/main.js] in DispatcherServlet with name 'dispatcherServlet'
2021-03-12 00:14:32.922  WARN 4588 --- [http-nio-8080-exec-9] o.s.web.servlet.PageNotFound             : No mapping found for HTTP request with URI [/assets/js/jquery.min.js] in DispatcherServlet with name 'dispatcherServlet'
2021-03-12 00:14:32.962  WARN 4588 --- [http-nio-8080-exec-8] o.s.web.servlet.PageNotFound             : No mapping found for HTTP request with URI [/assets/js/jquery.dropotron.min.js] in DispatcherServlet with name 'dispatcherServlet'
2021-03-12 00:14:32.992  WARN 4588 --- [http-nio-8080-exec-10] o.s.web.servlet.PageNotFound             : No mapping found for HTTP request with URI [/assets/js/browser.min.js] in DispatcherServlet with name 'dispatcherServlet'
2021-03-12 00:14:33.002  WARN 4588 --- [http-nio-8080-exec-1] o.s.web.servlet.PageNotFound             : No mapping found for HTTP request with URI [/assets/js/breakpoints.min.js] in DispatcherServlet with name 'dispatcherServlet'
2021-03-12 00:14:33.011  WARN 4588 --- [http-nio-8080-exec-2] o.s.web.servlet.PageNotFound             : No mapping found for HTTP request with URI [/assets/js/util.js] in DispatcherServlet with name 'dispatcherServlet'
2021-03-12 00:14:33.023  WARN 4588 --- [http-nio-8080-exec-3] o.s.web.servlet.PageNotFound             : No mapping found for HTTP request with URI [/assets/js/main.js] in DispatcherServlet with name 'dispatcherServlet'
2021-03-12 00:15:04.107  WARN 2324 --- [restartedMain] o.m.s.mapper.ClassPathMapperScanner      : No MyBatis mapper was found in '[com.example.demo.mapper.UserMapper]' package. Please check your configuration.
2021-03-12 00:15:04.547  WARN 2324 --- [restartedMain] o.m.s.mapper.ClassPathMapperScanner      : Skipping MapperFactoryBean with name 'administratorMapper' and 'com.example.demo.mapper.AdministratorMapper' mapperInterface. Bean already defined with the same name!
2021-03-12 00:15:04.548  WARN 2324 --- [restartedMain] o.m.s.mapper.ClassPathMapperScanner      : Skipping MapperFactoryBean with name 'organizationMapper' and 'com.example.demo.mapper.OrganizationMapper' mapperInterface. Bean already defined with the same name!
2021-03-12 00:15:04.548  WARN 2324 --- [restartedMain] o.m.s.mapper.ClassPathMapperScanner      : Skipping MapperFactoryBean with name 'userMapper' and 'com.example.demo.mapper.UserMapper' mapperInterface. Bean already defined with the same name!
2021-03-12 00:15:04.549  WARN 2324 --- [restartedMain] o.m.s.mapper.ClassPathMapperScanner      : No MyBatis mapper was found in '[com.example.demo]' package. Please check your configuration.
2021-03-12 00:15:15.687  WARN 2324 --- [http-nio-8080-exec-3] o.s.web.servlet.PageNotFound             : No mapping found for HTTP request with URI [/images/logo.png] in DispatcherServlet with name 'dispatcherServlet'
2021-03-12 00:15:15.689  WARN 2324 --- [http-nio-8080-exec-4] o.s.web.servlet.PageNotFound             : No mapping found for HTTP request with URI [/lib/layui/layui.js] in DispatcherServlet with name 'dispatcherServlet'
2021-03-12 00:15:15.693  WARN 2324 --- [http-nio-8080-exec-6] o.s.web.servlet.PageNotFound             : No mapping found for HTTP request with URI [/js/x-admin.js] in DispatcherServlet with name 'dispatcherServlet'
2021-03-12 00:15:15.855  WARN 2324 --- [http-nio-8080-exec-7] o.s.web.servlet.PageNotFound             : No mapping found for HTTP request with URI [/lib/layui/layui.js] in DispatcherServlet with name 'dispatcherServlet'
2021-03-12 00:15:15.885  WARN 2324 --- [http-nio-8080-exec-8] o.s.web.servlet.PageNotFound             : No mapping found for HTTP request with URI [/js/x-admin.js] in DispatcherServlet with name 'dispatcherServlet'
2021-03-12 00:16:03.512  WARN 2324 --- [http-nio-8080-exec-2] o.s.web.servlet.PageNotFound             : No mapping found for HTTP request with URI [/lib/layui/layui.js] in DispatcherServlet with name 'dispatcherServlet'
2021-03-12 00:16:03.515  WARN 2324 --- [http-nio-8080-exec-1] o.s.web.servlet.PageNotFound             : No mapping found for HTTP request with URI [/images/logo.png] in DispatcherServlet with name 'dispatcherServlet'
2021-03-12 00:16:03.516  WARN 2324 --- [http-nio-8080-exec-5] o.s.web.servlet.PageNotFound             : No mapping found for HTTP request with URI [/js/x-admin.js] in DispatcherServlet with name 'dispatcherServlet'
2021-03-12 00:16:03.566  WARN 2324 --- [http-nio-8080-exec-4] o.s.web.servlet.PageNotFound             : No mapping found for HTTP request with URI [/js/x-admin.js] in DispatcherServlet with name 'dispatcherServlet'
2021-03-12 00:16:03.566  WARN 2324 --- [http-nio-8080-exec-6] o.s.web.servlet.PageNotFound             : No mapping found for HTTP request with URI [/lib/layui/layui.js] in DispatcherServlet with name 'dispatcherServlet'
2021-03-12 00:16:26.679  WARN 11784 --- [restartedMain] o.m.s.mapper.ClassPathMapperScanner      : No MyBatis mapper was found in '[com.example.demo.mapper.UserMapper]' package. Please check your configuration.
2021-03-12 00:16:27.086  WARN 11784 --- [restartedMain] o.m.s.mapper.ClassPathMapperScanner      : Skipping MapperFactoryBean with name 'administratorMapper' and 'com.example.demo.mapper.AdministratorMapper' mapperInterface. Bean already defined with the same name!
2021-03-12 00:16:27.087  WARN 11784 --- [restartedMain] o.m.s.mapper.ClassPathMapperScanner      : Skipping MapperFactoryBean with name 'organizationMapper' and 'com.example.demo.mapper.OrganizationMapper' mapperInterface. Bean already defined with the same name!
2021-03-12 00:16:27.087  WARN 11784 --- [restartedMain] o.m.s.mapper.ClassPathMapperScanner      : Skipping MapperFactoryBean with name 'userMapper' and 'com.example.demo.mapper.UserMapper' mapperInterface. Bean already defined with the same name!
2021-03-12 00:16:27.088  WARN 11784 --- [restartedMain] o.m.s.mapper.ClassPathMapperScanner      : No MyBatis mapper was found in '[com.example.demo]' package. Please check your configuration.
2021-03-12 00:16:55.257  WARN 11784 --- [http-nio-8080-exec-5] o.s.web.servlet.PageNotFound             : No mapping found for HTTP request with URI [/lib/layui/layui.js] in DispatcherServlet with name 'dispatcherServlet'
2021-03-12 00:16:55.258  WARN 11784 --- [http-nio-8080-exec-6] o.s.web.servlet.PageNotFound             : No mapping found for HTTP request with URI [/js/x-admin.js] in DispatcherServlet with name 'dispatcherServlet'
2021-03-12 00:16:55.259  WARN 11784 --- [http-nio-8080-exec-4] o.s.web.servlet.PageNotFound             : No mapping found for HTTP request with URI [/images/logo.png] in DispatcherServlet with name 'dispatcherServlet'
2021-03-12 00:16:55.368  WARN 11784 --- [http-nio-8080-exec-8] o.s.web.servlet.PageNotFound             : No mapping found for HTTP request with URI [/lib/layui/layui.js] in DispatcherServlet with name 'dispatcherServlet'
2021-03-12 00:16:55.368  WARN 11784 --- [http-nio-8080-exec-9] o.s.web.servlet.PageNotFound             : No mapping found for HTTP request with URI [/js/x-admin.js] in DispatcherServlet with name 'dispatcherServlet'
2021-03-12 00:16:55.470  WARN 11784 --- [http-nio-8080-exec-10] o.s.web.servlet.PageNotFound             : No mapping found for HTTP request with URI [/lib/layui/layui.js] in DispatcherServlet with name 'dispatcherServlet'
2021-03-12 00:16:55.496  WARN 11784 --- [http-nio-8080-exec-1] o.s.web.servlet.PageNotFound             : No mapping found for HTTP request with URI [/js/x-admin.js] in DispatcherServlet with name 'dispatcherServlet'
2021-03-12 00:17:29.149  WARN 2100 --- [restartedMain] o.m.s.mapper.ClassPathMapperScanner      : No MyBatis mapper was found in '[com.example.demo.mapper.UserMapper]' package. Please check your configuration.
2021-03-12 00:17:29.593  WARN 2100 --- [restartedMain] o.m.s.mapper.ClassPathMapperScanner      : Skipping MapperFactoryBean with name 'administratorMapper' and 'com.example.demo.mapper.AdministratorMapper' mapperInterface. Bean already defined with the same name!
2021-03-12 00:17:29.593  WARN 2100 --- [restartedMain] o.m.s.mapper.ClassPathMapperScanner      : Skipping MapperFactoryBean with name 'organizationMapper' and 'com.example.demo.mapper.OrganizationMapper' mapperInterface. Bean already defined with the same name!
2021-03-12 00:17:29.593  WARN 2100 --- [restartedMain] o.m.s.mapper.ClassPathMapperScanner      : Skipping MapperFactoryBean with name 'userMapper' and 'com.example.demo.mapper.UserMapper' mapperInterface. Bean already defined with the same name!
2021-03-12 00:17:29.594  WARN 2100 --- [restartedMain] o.m.s.mapper.ClassPathMapperScanner      : No MyBatis mapper was found in '[com.example.demo]' package. Please check your configuration.
2021-03-12 00:17:48.531  WARN 2100 --- [http-nio-8080-exec-4] o.s.web.servlet.PageNotFound             : No mapping found for HTTP request with URI [/lib/layui/layui.js] in DispatcherServlet with name 'dispatcherServlet'
2021-03-12 00:17:48.535  WARN 2100 --- [http-nio-8080-exec-5] o.s.web.servlet.PageNotFound             : No mapping found for HTTP request with URI [/js/x-admin.js] in DispatcherServlet with name 'dispatcherServlet'
2021-03-12 00:17:48.544  WARN 2100 --- [http-nio-8080-exec-3] o.s.web.servlet.PageNotFound             : No mapping found for HTTP request with URI [/images/logo.png] in DispatcherServlet with name 'dispatcherServlet'
2021-03-12 00:17:48.676  WARN 2100 --- [http-nio-8080-exec-7] o.s.web.servlet.PageNotFound             : No mapping found for HTTP request with URI [/lib/layui/layui.js] in DispatcherServlet with name 'dispatcherServlet'
2021-03-12 00:17:48.676  WARN 2100 --- [http-nio-8080-exec-8] o.s.web.servlet.PageNotFound             : No mapping found for HTTP request with URI [/js/x-admin.js] in DispatcherServlet with name 'dispatcherServlet'
2021-03-12 00:17:48.692  WARN 2100 --- [http-nio-8080-exec-9] o.s.web.servlet.PageNotFound             : No mapping found for HTTP request with URI [/js/x-admin.js] in DispatcherServlet with name 'dispatcherServlet'
